# JRE version: OpenJDK Runtime Environment (21.0.9+10) (build 21.0.9+10)
# Java VM: OpenJDK 64-Bit Server VM (21.0.9+10, mixed mode, sharing, tiered, compressed oops, compressed class ptrs, g1 gc, linux-amd64)
Heap:
 garbage-first heap   total 331776K, used 251086K [0x000000070b200000, 0x0000000800000000)
  region size 2048K, 79 young (161792K), 1 survivors (2048K)
 Metaspace       used 27525K, committed 27904K, reserved 1114112K
  class space    used 2774K, committed 2944K, reserved 1048576K
GC Heap History (20 events):
Event: 2.855 GC heap before
{Heap before GC invocations=18 (full 0):
 garbage-first heap   total 190464K, used 120008K [0x000000070b200000, 0x0000000800000000)
  region size 2048K, 15 young (30720K), 1 survivors (2048K)
 Metaspace       used 27445K, committed 27776K, reserved 1114112K
  class space    used 2771K, committed 2944K, reserved 1048576K
}
Event: 2.856 GC heap after
{Heap after GC invocations=19 (full 0):
 garbage-first heap   total 190464K, used 91334K [0x000000070b200000, 0x0000000800000000)
  region size 2048K, 1 young (2048K), 1 survivors (2048K)
 Metaspace       used 27445K, committed 27776K, reserved 1114112K
  class space    used 2771K, committed 2944K, reserved 1048576K
}
Event: 2.901 GC heap before
{Heap before GC invocations=20 (full 0):
 garbage-first heap   total 190464K, used 140486K [0x000000070b200000, 0x0000000800000000)
  region size 2048K, 25 young (51200K), 1 survivors (2048K)
 Metaspace       used 27445K, committed 27776K, reserved 1114112K
  class space    used 2771K, committed 2944K, reserved 1048576K
}
Event: 2.902 GC heap after
{Heap after GC invocations=21 (full 0):
 garbage-first heap   total 331776K, used 91336K [0x000000070b200000, 0x0000000800000000)
  region size 2048K, 1 young (2048K), 1 survivors (2048K)
 Metaspace       used 27445K, committed 27776K, reserved 1114112K
  class space    used 2771K, committed 2944K, reserved 1048576K
}
Event: 2.974 GC heap before
{Heap before GC invocations=21 (full 0):
 garbage-first heap   total 331776K, used 171208K [0x000000070b200000, 0x0000000800000000)
  region size 2048K, 40 young (81920K), 1 survivors (2048K)
 Metaspace       used 27448K, committed 27776K, reserved 1114112K
  class space    used 2771K, committed 2944K, reserved 1048576K
}
Event: 2.975 GC heap after
{Heap after GC invocations=22 (full 0):
 garbage-first heap   total 331776K, used 91336K [0x000000070b200000, 0x0000000800000000)
  region size 2048K, 1 young (2048K), 1 survivors (2048K)
 Metaspace       used 27448K, committed 27776K, reserved 1114112K
  class space    used 2771K, committed 2944K, reserved 1048576K
}
Event: 3.044 GC heap before
{Heap before GC invocations=22 (full 0):
 garbage-first heap   total 331776K, used 177352K [0x000000070b200000, 0x0000000800000000)
  region size 2048K, 43 young (88064K), 1 survivors (2048K)
 Metaspace       used 27448K, committed 27776K, reserved 1114112K
  class space    used 2771K, committed 2944K, reserved 1048576K
}
Event: 3.044 GC heap after
{Heap after GC invocations=23 (full 0):
 garbage-first heap   total 331776K, used 91342K [0x000000070b200000, 0x0000000800000000)
  region size 2048K, 1 young (2048K), 1 survivors (2048K)
 Metaspace       used 27448K, committed 27776K, reserved 1114112K
  class space    used 2771K, committed 2944K, reserved 1048576K
}
Event: 3.171 GC heap before
{Heap before GC invocations=23 (full 0):
 garbage-first heap   total 331776K, used 228558K [0x000000070b200000, 0x0000000800000000)
  region size 2048K, 68 young (139264K), 1 survivors (2048K)
 Metaspace       used 27449K, committed 27776K, reserved 1114112K
  class space    used 2771K, committed 2944K, reserved 1048576K
}
Event: 3.172 GC heap after
{Heap after GC invocations=24 (full 0):
 garbage-first heap   total 331776K, used 91336K [0x000000070b200000, 0x0000000800000000)
  region size 2048K, 1 young (2048K), 1 survivors (2048K)
 Metaspace       used 27449K, committed 27776K, reserved 1114112K
  class space    used 2771K, committed 2944K, reserved 1048576K
}
Event: 3.343 GC heap before
{Heap before GC invocations=24 (full 0):
 garbage-first heap   total 331776K, used 265416K [0x000000070b200000, 0x0000000800000000)
  region size 2048K, 86 young (176128K), 1 survivors (2048K)
 Metaspace       used 27475K, committed 27840K, reserved 1114112K
  class space    used 2771K, committed 2944K, reserved 1048576K
}
Event: 3.344 GC heap after
{Heap after GC invocations=25 (full 0):
 garbage-first heap   total 331776K, used 91344K [0x000000070b200000, 0x0000000800000000)
  region size 2048K, 1 young (2048K), 1 survivors (2048K)
 Metaspace       used 27475K, committed 27840K, reserved 1114112K
  class space    used 2771K, committed 2944K, reserved 1048576K
}
Event: 3.488 GC heap before
{Heap before GC invocations=25 (full 0):
 garbage-first heap   total 331776K, used 287952K [0x000000070b200000, 0x0000000800000000)
  region size 2048K, 97 young (198656K), 1 survivors (2048K)
 Metaspace       used 27477K, committed 27840K, reserved 1114112K
  class space    used 2771K, committed 2944K, reserved 1048576K
}
Event: 3.489 GC heap after
{Heap after GC invocations=26 (full 0):
 garbage-first heap   total 331776K, used 91342K [0x000000070b200000, 0x0000000800000000)
  region size 2048K, 1 young (2048K), 1 survivors (2048K)
 Metaspace       used 27477K, committed 27840K, reserved 1114112K
  class space    used 2771K, committed 2944K, reserved 1048576K
}
Event: 3.632 GC heap before
{Heap before GC invocations=26 (full 0):
 garbage-first heap   total 331776K, used 287950K [0x000000070b200000, 0x0000000800000000)
  region size 2048K, 97 young (198656K), 1 survivors (2048K)
 Metaspace       used 27477K, committed 27840K, reserved 1114112K
  class space    used 2771K, committed 2944K, reserved 1048576K
}
Event: 3.633 GC heap after
{Heap after GC invocations=27 (full 0):
 garbage-first heap   total 331776K, used 91342K [0x000000070b200000, 0x0000000800000000)
  region size 2048K, 1 young (2048K), 1 survivors (2048K)
 Metaspace       used 27477K, committed 27840K, reserved 1114112K
  class space    used 2771K, committed 2944K, reserved 1048576K
}
Event: 3.771 GC heap before
{Heap before GC invocations=27 (full 0):
 garbage-first heap   total 331776K, used 287950K [0x000000070b200000, 0x0000000800000000)
  region size 2048K, 97 young (198656K), 1 survivors (2048K)
 Metaspace       used 27477K, committed 27840K, reserved 1114112K
  class space    used 2771K, committed 2944K, reserved 1048576K
}
Event: 3.772 GC heap after
{Heap after GC invocations=28 (full 0):
 garbage-first heap   total 331776K, used 91344K [0x000000070b200000, 0x0000000800000000)
  region size 2048K, 1 young (2048K), 1 survivors (2048K)
 Metaspace       used 27477K, committed 27840K, reserved 1114112K
  class space    used 2771K, committed 2944K, reserved 1048576K
}
Event: 3.912 GC heap before
{Heap before GC invocations=28 (full 0):
 garbage-first heap   total 331776K, used 287952K [0x000000070b200000, 0x0000000800000000)
  region size 2048K, 97 young (198656K), 1 survivors (2048K)
 Metaspace       used 27477K, committed 27840K, reserved 1114112K
  class space    used 2771K, committed 2944K, reserved 1048576K
}
Event: 3.912 GC heap after
{Heap after GC invocations=29 (full 0):
 garbage-first heap   total 331776K, used 91342K [0x000000070b200000, 0x0000000800000000)
  region size 2048K, 1 young (2048K), 1 survivors (2048K)
 Metaspace       used 27477K, committed 27840K, reserved 1114112K
  class space    used 2771K, committed 2944K, reserved 1048576K
}

