# JRE version: OpenJDK Runtime Environment (21.0.9+10) (build 21.0.9+10)
# Java VM: OpenJDK 64-Bit Server VM (21.0.9+10, mixed mode, sharing, tiered, compressed oops, compressed class ptrs, g1 gc, linux-amd64)
Heap:
 garbage-first heap   total 264192K, used 151926K [0x000000070b200000, 0x0000000800000000)
  region size 2048K, 31 young (63488K), 1 survivors (2048K)
 Metaspace       used 27516K, committed 27968K, reserved 1114112K
  class space    used 2769K, committed 2944K, reserved 1048576K
GC Heap History (20 events):
Event: 2.919 GC heap before
{Heap before GC invocations=18 (full 0):
 garbage-first heap   total 182272K, used 150896K [0x000000070b200000, 0x0000000800000000)
  region size 2048K, 30 young (61440K), 1 survivors (2048K)
 Metaspace       used 27439K, committed 27840K, reserved 1114112K
  class space    used 2766K, committed 2944K, reserved 1048576K
}
Event: 2.920 GC heap after
{Heap after GC invocations=19 (full 0):
 garbage-first heap   total 264192K, used 91506K [0x000000070b200000, 0x0000000800000000)
  region size 2048K, 1 young (2048K), 1 survivors (2048K)
 Metaspace       used 27439K, committed 27840K, reserved 1114112K
  class space    used 2766K, committed 2944K, reserved 1048576K
}
Event: 3.031 GC heap before
{Heap before GC invocations=19 (full 0):
 garbage-first heap   total 264192K, used 214386K [0x000000070b200000, 0x0000000800000000)
  region size 2048K, 61 young (124928K), 1 survivors (2048K)
 Metaspace       used 27439K, committed 27840K, reserved 1114112K
  class space    used 2766K, committed 2944K, reserved 1048576K
}
Event: 3.031 GC heap after
{Heap after GC invocations=20 (full 0):
 garbage-first heap   total 264192K, used 91510K [0x000000070b200000, 0x0000000800000000)
  region size 2048K, 1 young (2048K), 1 survivors (2048K)
 Metaspace       used 27439K, committed 27840K, reserved 1114112K
  class space    used 2766K, committed 2944K, reserved 1048576K
}
Event: 3.145 GC heap before
{Heap before GC invocations=20 (full 0):
 garbage-first heap   total 264192K, used 222582K [0x000000070b200000, 0x0000000800000000)
  region size 2048K, 65 young (133120K), 1 survivors (2048K)
 Metaspace       used 27441K, committed 27840K, reserved 1114112K
  class space    used 2766K, committed 2944K, reserved 1048576K
}
Event: 3.145 GC heap after
{Heap after GC invocations=21 (full 0):
 garbage-first heap   total 264192K, used 91510K [0x000000070b200000, 0x0000000800000000)
  region size 2048K, 1 young (2048K), 1 survivors (2048K)
 Metaspace       used 27441K, committed 27840K, reserved 1114112K
  class space    used 2766K, committed 2944K, reserved 1048576K
}
Event: 3.265 GC heap before
{Heap before GC invocations=21 (full 0):
 garbage-first heap   total 264192K, used 228726K [0x000000070b200000, 0x0000000800000000)
  region size 2048K, 68 young (139264K), 1 survivors (2048K)
 Metaspace       used 27466K, committed 27840K, reserved 1114112K
  class space    used 2766K, committed 2944K, reserved 1048576K
}
Event: 3.266 GC heap after
{Heap after GC invocations=22 (full 0):
 garbage-first heap   total 264192K, used 91510K [0x000000070b200000, 0x0000000800000000)
  region size 2048K, 1 young (2048K), 1 survivors (2048K)
 Metaspace       used 27466K, committed 27840K, reserved 1114112K
  class space    used 2766K, committed 2944K, reserved 1048576K
}
Event: 3.364 GC heap before
{Heap before GC invocations=22 (full 0):
 garbage-first heap   total 264192K, used 234870K [0x000000070b200000, 0x0000000800000000)
  region size 2048K, 71 young (145408K), 1 survivors (2048K)
 Metaspace       used 27467K, committed 27840K, reserved 1114112K
  class space    used 2766K, committed 2944K, reserved 1048576K
}
Event: 3.365 GC heap after
{Heap after GC invocations=23 (full 0):
 garbage-first heap   total 264192K, used 91508K [0x000000070b200000, 0x0000000800000000)
  region size 2048K, 1 young (2048K), 1 survivors (2048K)
 Metaspace       used 27467K, committed 27840K, reserved 1114112K
  class space    used 2766K, committed 2944K, reserved 1048576K
}
Event: 3.471 GC heap before
{Heap before GC invocations=23 (full 0):
 garbage-first heap   total 264192K, used 241012K [0x000000070b200000, 0x0000000800000000)
  region size 2048K, 74 young (151552K), 1 survivors (2048K)
 Metaspace       used 27468K, committed 27840K, reserved 1114112K
  class space    used 2766K, committed 2944K, reserved 1048576K
}
Event: 3.472 GC heap after
{Heap after GC invocations=24 (full 0):
 garbage-first heap   total 264192K, used 91508K [0x000000070b200000, 0x0000000800000000)
  region size 2048K, 1 young (2048K), 1 survivors (2048K)
 Metaspace       used 27468K, committed 27840K, reserved 1114112K
  class space    used 2766K, committed 2944K, reserved 1048576K
}
Event: 3.577 GC heap before
{Heap before GC invocations=24 (full 0):
 garbage-first heap   total 264192K, used 245108K [0x000000070b200000, 0x0000000800000000)
  region size 2048K, 76 young (155648K), 1 survivors (2048K)
 Metaspace       used 27468K, committed 27840K, reserved 1114112K
  class space    used 2766K, committed 2944K, reserved 1048576K
}
Event: 3.578 GC heap after
{Heap after GC invocations=25 (full 0):
 garbage-first heap   total 264192K, used 91508K [0x000000070b200000, 0x0000000800000000)
  region size 2048K, 1 young (2048K), 1 survivors (2048K)
 Metaspace       used 27468K, committed 27840K, reserved 1114112K
  class space    used 2766K, committed 2944K, reserved 1048576K
}
Event: 3.696 GC heap before
{Heap before GC invocations=25 (full 0):
 garbage-first heap   total 264192K, used 247156K [0x000000070b200000, 0x0000000800000000)
  region size 2048K, 77 young (157696K), 1 survivors (2048K)
 Metaspace       used 27468K, committed 27840K, reserved 1114112K
  class space    used 2766K, committed 2944K, reserved 1048576K
}
Event: 3.696 GC heap after
{Heap after GC invocations=26 (full 0):
 garbage-first heap   total 264192K, used 91510K [0x000000070b200000, 0x0000000800000000)
  region size 2048K, 1 young (2048K), 1 survivors (2048K)
 Metaspace       used 27468K, committed 27840K, reserved 1114112K
  class space    used 2766K, committed 2944K, reserved 1048576K
}
Event: 3.799 GC heap before
{Heap before GC invocations=26 (full 0):
 garbage-first heap   total 264192K, used 247158K [0x000000070b200000, 0x0000000800000000)
  region size 2048K, 77 young (157696K), 1 survivors (2048K)
 Metaspace       used 27468K, committed 27840K, reserved 1114112K
  class space    used 2766K, committed 2944K, reserved 1048576K
}
Event: 3.800 GC heap after
{Heap after GC invocations=27 (full 0):
 garbage-first heap   total 264192K, used 91508K [0x000000070b200000, 0x0000000800000000)
  region size 2048K, 1 young (2048K), 1 survivors (2048K)
 Metaspace       used 27468K, committed 27840K, reserved 1114112K
  class space    used 2766K, committed 2944K, reserved 1048576K
}
Event: 3.906 GC heap before
{Heap before GC invocations=27 (full 0):
 garbage-first heap   total 264192K, used 247156K [0x000000070b200000, 0x0000000800000000)
  region size 2048K, 77 young (157696K), 1 survivors (2048K)
 Metaspace       used 27468K, committed 27840K, reserved 1114112K
  class space    used 2766K, committed 2944K, reserved 1048576K
}
Event: 3.906 GC heap after
{Heap after GC invocations=28 (full 0):
 garbage-first heap   total 264192K, used 91510K [0x000000070b200000, 0x0000000800000000)
  region size 2048K, 1 young (2048K), 1 survivors (2048K)
 Metaspace       used 27468K, committed 27840K, reserved 1114112K
  class space    used 2766K, committed 2944K, reserved 1048576K
}

